<?xml version="1.0" encoding="UTF-8"?>
<!-- Generated by org.testng.reporters.JUnitXMLReporter -->
<testsuite hostname="DESKTOP-GOMK6OD" ignored="0" name="Test" tests="4" failures="0" timestamp="19 Oct 2017 21:21:07 GMT" time="0.071" errors="0">
  <testcase name="BrowserAUtomation" time="0.019" classname="qaclickacademy.SeleniumTest"/>
  <testcase name="elementsUi" time="0.007" classname="qaclickacademy.SeleniumTest"/>
  <testcase name="deleteTwitter" time="0.003" classname="qaclickacademy.RESTAPITest"/>
  <testcase name="postJira" time="0.001" classname="qaclickacademy.RESTAPITest"/>
</testsuite> <!-- Test -->
